<?xml version="1.0" encoding="UTF-8"?>
<!-- Generated by org.testng.reporters.JUnitReportReporter -->
<testsuite hostname="DESKTOP-1ENRTF8" failures="0" tests="2" name="cs.lab.VaccinatorTest" time="0.020" errors="0" timestamp="2021-07-26T16:51:23 PET" skipped="0">
  <testcase classname="cs.lab.VaccinatorTest" name="testCase1" time="0.020"/>
  <system-out/>
  <testcase classname="cs.lab.VaccinatorTest" name="testCase2" time="0.000"/>
  <system-out/>
</testsuite> <!-- cs.lab.VaccinatorTest -->
