<?xml version="1.0" encoding="UTF-8"?>
<!-- Generated by org.testng.reporters.JUnitReportReporter -->
<testsuite hostname="DESKTOP-1ENRTF8" failures="0" tests="4" name="cs.lab.VaccineTest" time="0.078" errors="0" timestamp="2021-07-26T18:23:03 PET" skipped="0">
  <testcase classname="cs.lab.VaccineTest" name="testCase2" time="0.002"/>
  <system-out/>
  <testcase classname="cs.lab.VaccineTest" name="testCase3" time="0.024"/>
  <system-out/>
  <testcase classname="cs.lab.VaccineTest" name="testCase4" time="0.001"/>
  <system-out/>
  <testcase classname="cs.lab.VaccineTest" name="testCase1" time="0.051"/>
  <system-out/>
</testsuite> <!-- cs.lab.VaccineTest -->
